/*C4*/SET SCHEMA PUBLIC
CONNECT USER SA
DISCONNECT
/*C5*/SET SCHEMA PUBLIC
CONNECT USER SA
DISCONNECT
/*C6*/SET SCHEMA PUBLIC
CONNECT USER SA
DISCONNECT
/*C7*/SET SCHEMA PUBLIC
CONNECT USER SA
DISCONNECT
/*C8*/SET SCHEMA PUBLIC
CONNECT USER SA
DISCONNECT
/*C9*/SET SCHEMA PUBLIC
CONNECT USER SA
DISCONNECT
/*C10*/SET SCHEMA PUBLIC
CONNECT USER SA
SET AUTOCOMMIT FALSE
INSERT INTO CHANGES VALUES(50,'2010-07-08 00:00:00.0',0,'Not sure yet','')
COMMIT
SET AUTOCOMMIT TRUE
DISCONNECT
/*C11*/SET SCHEMA PUBLIC
CONNECT USER SA
DISCONNECT
/*C12*/SET SCHEMA PUBLIC
CONNECT USER SA
DISCONNECT
/*C13*/SET SCHEMA PUBLIC
CONNECT USER SA
DISCONNECT
/*C14*/SET SCHEMA PUBLIC
CONNECT USER SA
DISCONNECT
/*C15*/SET SCHEMA PUBLIC
CONNECT USER SA
SET AUTOCOMMIT FALSE
INSERT INTO CHANGES VALUES(51,'2010-07-05 12:41:21.667000000',1,'Test Change','Here We Go')
COMMIT
SET AUTOCOMMIT TRUE
DISCONNECT
/*C16*/SET SCHEMA PUBLIC
CONNECT USER SA
DISCONNECT
/*C17*/SET SCHEMA PUBLIC
CONNECT USER SA
DISCONNECT
/*C18*/SET SCHEMA PUBLIC
CONNECT USER SA
DISCONNECT
/*C19*/SET SCHEMA PUBLIC
CONNECT USER SA
DISCONNECT
/*C20*/SET SCHEMA PUBLIC
CONNECT USER SA
DISCONNECT
/*C21*/SET SCHEMA PUBLIC
CONNECT USER SA
SET AUTOCOMMIT FALSE
INSERT INTO CHANGES VALUES(52,'2010-07-05 13:56:45.110000000',3,'Test Change','')
COMMIT
SET AUTOCOMMIT TRUE
DISCONNECT
/*C22*/SET SCHEMA PUBLIC
CONNECT USER SA
DISCONNECT
/*C23*/SET SCHEMA PUBLIC
CONNECT USER SA
DISCONNECT
/*C24*/SET SCHEMA PUBLIC
CONNECT USER SA
DISCONNECT
/*C25*/SET SCHEMA PUBLIC
CONNECT USER SA
SET AUTOCOMMIT FALSE
INSERT INTO CHANGES VALUES(53,'2010-07-08 00:00:00.0',1,'Best Change','Start')
COMMIT
SET AUTOCOMMIT TRUE
DISCONNECT
/*C26*/SET SCHEMA PUBLIC
CONNECT USER SA
DISCONNECT
/*C27*/SET SCHEMA PUBLIC
CONNECT USER SA
DISCONNECT
/*C28*/SET SCHEMA PUBLIC
CONNECT USER SA
SET AUTOCOMMIT FALSE
DROP TABLE staff
SET AUTOCOMMIT TRUE
SET AUTOCOMMIT FALSE
DROP TABLE changes
SET AUTOCOMMIT TRUE
SET AUTOCOMMIT FALSE
CREATE TABLE staff (id int IDENTITY PRIMARY KEY, name varchar NOT NULL)
SET AUTOCOMMIT TRUE
SET AUTOCOMMIT FALSE
CREATE TABLE changes (id int IDENTITY PRIMARY KEY, created_at datetime NOT NULL, staffid int NOT NULL, change varchar NOT NULL, note varchar)
SET AUTOCOMMIT TRUE
SET AUTOCOMMIT FALSE
INSERT INTO STAFF VALUES(0,'lisa')
INSERT INTO STAFF VALUES(1,'marge')
INSERT INTO STAFF VALUES(2,'bart')
INSERT INTO STAFF VALUES(3,'homer')
COMMIT
SET AUTOCOMMIT TRUE
SET AUTOCOMMIT FALSE
INSERT INTO CHANGES VALUES(0,'2010-07-05 14:07:05.90000000',1,'Some Changes to SErvers','')
INSERT INTO CHANGES VALUES(1,'2010-07-05 14:07:05.90000000',2,'windows Reboots','')
INSERT INTO CHANGES VALUES(2,'2010-07-05 14:07:05.90000000',2,'More windows Reboots','')
INSERT INTO CHANGES VALUES(3,'2010-07-05 14:07:05.90000000',2,'And another windows Reboots','')
INSERT INTO CHANGES VALUES(4,'2010-07-05 14:07:05.90000000',0,'Oracle DB backup','Will need a look at next maintainence W/E')
COMMIT
SET AUTOCOMMIT TRUE
DISCONNECT
/*C29*/SET SCHEMA PUBLIC
CONNECT USER SA
DISCONNECT
/*C30*/SET SCHEMA PUBLIC
CONNECT USER SA
DISCONNECT
/*C31*/SET SCHEMA PUBLIC
CONNECT USER SA
DISCONNECT
/*C32*/SET SCHEMA PUBLIC
CONNECT USER SA
DISCONNECT
/*C33*/SET SCHEMA PUBLIC
CONNECT USER SA
DISCONNECT
/*C34*/SET SCHEMA PUBLIC
CONNECT USER SA
DISCONNECT
/*C35*/SET SCHEMA PUBLIC
CONNECT USER SA
SET AUTOCOMMIT FALSE
INSERT INTO CHANGES VALUES(5,'2010-07-05 15:54:28.258000000',0,'Test','Some More data')
COMMIT
SET AUTOCOMMIT TRUE
DISCONNECT
/*C36*/SET SCHEMA PUBLIC
CONNECT USER SA
DISCONNECT
/*C37*/SET SCHEMA PUBLIC
CONNECT USER SA
DISCONNECT
/*C38*/SET SCHEMA PUBLIC
CONNECT USER SA
DISCONNECT
/*C39*/SET SCHEMA PUBLIC
CONNECT USER SA
DISCONNECT
/*C40*/SET SCHEMA PUBLIC
CONNECT USER SA
DISCONNECT
/*C41*/SET SCHEMA PUBLIC
CONNECT USER SA
DISCONNECT
/*C42*/SET SCHEMA PUBLIC
CONNECT USER SA
DISCONNECT
/*C43*/SET SCHEMA PUBLIC
CONNECT USER SA
DISCONNECT
/*C44*/SET SCHEMA PUBLIC
CONNECT USER SA
DISCONNECT
/*C45*/SET SCHEMA PUBLIC
CONNECT USER SA
DISCONNECT
/*C46*/SET SCHEMA PUBLIC
CONNECT USER SA
DISCONNECT
/*C47*/SET SCHEMA PUBLIC
CONNECT USER SA
DISCONNECT
/*C48*/SET SCHEMA PUBLIC
CONNECT USER SA
DISCONNECT
/*C49*/SET SCHEMA PUBLIC
CONNECT USER SA
DISCONNECT
/*C50*/SET SCHEMA PUBLIC
CONNECT USER SA
DISCONNECT
/*C51*/SET SCHEMA PUBLIC
CONNECT USER SA
DISCONNECT
/*C52*/SET SCHEMA PUBLIC
CONNECT USER SA
SET AUTOCOMMIT FALSE
SET AUTOCOMMIT TRUE
DISCONNECT
/*C53*/SET SCHEMA PUBLIC
CONNECT USER SA
DISCONNECT
/*C54*/SET SCHEMA PUBLIC
CONNECT USER SA
DISCONNECT
/*C55*/SET SCHEMA PUBLIC
CONNECT USER SA
SET AUTOCOMMIT FALSE
INSERT INTO CHANGES VALUES(6,'2010-07-08 00:00:00.0',2,'Test','here')
COMMIT
SET AUTOCOMMIT TRUE
DISCONNECT
/*C56*/SET SCHEMA PUBLIC
CONNECT USER SA
DISCONNECT
/*C57*/SET SCHEMA PUBLIC
CONNECT USER SA
DISCONNECT
/*C58*/SET SCHEMA PUBLIC
CONNECT USER SA
DISCONNECT
/*C59*/SET SCHEMA PUBLIC
CONNECT USER SA
DISCONNECT
/*C60*/SET SCHEMA PUBLIC
CONNECT USER SA
SET AUTOCOMMIT FALSE
INSERT INTO CHANGES VALUES(7,'2010-07-23 00:00:00.0',0,'Some Test Data','')
COMMIT
SET AUTOCOMMIT TRUE
DISCONNECT
/*C61*/SET SCHEMA PUBLIC
CONNECT USER SA
DISCONNECT
/*C62*/SET SCHEMA PUBLIC
CONNECT USER SA
DISCONNECT
/*C63*/SET SCHEMA PUBLIC
CONNECT USER SA
DISCONNECT
/*C64*/SET SCHEMA PUBLIC
CONNECT USER SA
DISCONNECT
/*C65*/SET SCHEMA PUBLIC
CONNECT USER SA
DISCONNECT
/*C66*/SET SCHEMA PUBLIC
CONNECT USER SA
DISCONNECT
/*C67*/SET SCHEMA PUBLIC
CONNECT USER SA
DISCONNECT
/*C68*/SET SCHEMA PUBLIC
CONNECT USER SA
DISCONNECT
/*C69*/SET SCHEMA PUBLIC
CONNECT USER SA
DISCONNECT
/*C70*/SET SCHEMA PUBLIC
CONNECT USER SA
DISCONNECT
/*C71*/SET SCHEMA PUBLIC
CONNECT USER SA
DISCONNECT
/*C72*/SET SCHEMA PUBLIC
CONNECT USER SA
DISCONNECT
/*C73*/SET SCHEMA PUBLIC
CONNECT USER SA
DISCONNECT
/*C74*/SET SCHEMA PUBLIC
CONNECT USER SA
DISCONNECT
/*C75*/SET SCHEMA PUBLIC
CONNECT USER SA
DISCONNECT
/*C76*/SET SCHEMA PUBLIC
CONNECT USER SA
DISCONNECT
/*C77*/SET SCHEMA PUBLIC
CONNECT USER SA
DISCONNECT
/*C78*/SET SCHEMA PUBLIC
CONNECT USER SA
DISCONNECT
/*C79*/SET SCHEMA PUBLIC
CONNECT USER SA
DISCONNECT
/*C80*/SET SCHEMA PUBLIC
CONNECT USER SA
DISCONNECT
/*C81*/SET SCHEMA PUBLIC
CONNECT USER SA
DISCONNECT
/*C82*/SET SCHEMA PUBLIC
CONNECT USER SA
DISCONNECT
/*C83*/SET SCHEMA PUBLIC
CONNECT USER SA
DISCONNECT
/*C84*/SET SCHEMA PUBLIC
CONNECT USER SA
SET AUTOCOMMIT FALSE
INSERT INTO CHANGES VALUES(8,'2010-07-05 17:11:06.287000000',2,'New Change','Some Test')
COMMIT
SET AUTOCOMMIT TRUE
DISCONNECT
/*C85*/SET SCHEMA PUBLIC
CONNECT USER SA
DISCONNECT
/*C86*/SET SCHEMA PUBLIC
CONNECT USER SA
DISCONNECT
/*C87*/SET SCHEMA PUBLIC
CONNECT USER SA
DISCONNECT
/*C88*/SET SCHEMA PUBLIC
CONNECT USER SA
DISCONNECT
/*C89*/SET SCHEMA PUBLIC
CONNECT USER SA
DISCONNECT
/*C90*/SET SCHEMA PUBLIC
CONNECT USER SA
DISCONNECT
/*C91*/SET SCHEMA PUBLIC
CONNECT USER SA
DISCONNECT
/*C92*/SET SCHEMA PUBLIC
CONNECT USER SA
DISCONNECT
/*C93*/SET SCHEMA PUBLIC
CONNECT USER SA
DISCONNECT
/*C94*/SET SCHEMA PUBLIC
CONNECT USER SA
DISCONNECT
/*C95*/SET SCHEMA PUBLIC
CONNECT USER SA
DISCONNECT
/*C96*/SET SCHEMA PUBLIC
CONNECT USER SA
DISCONNECT
/*C97*/SET SCHEMA PUBLIC
CONNECT USER SA
DISCONNECT
/*C98*/SET SCHEMA PUBLIC
CONNECT USER SA
DISCONNECT
/*C99*/SET SCHEMA PUBLIC
CONNECT USER SA
DISCONNECT
/*C100*/SET SCHEMA PUBLIC
CONNECT USER SA
DISCONNECT
/*C101*/SET SCHEMA PUBLIC
CONNECT USER SA
DISCONNECT
/*C102*/SET SCHEMA PUBLIC
CONNECT USER SA
DISCONNECT
/*C103*/SET SCHEMA PUBLIC
CONNECT USER SA
DISCONNECT
/*C104*/SET SCHEMA PUBLIC
CONNECT USER SA
DISCONNECT
/*C105*/SET SCHEMA PUBLIC
CONNECT USER SA
DISCONNECT
/*C106*/SET SCHEMA PUBLIC
CONNECT USER SA
DISCONNECT
/*C107*/SET SCHEMA PUBLIC
CONNECT USER SA
DISCONNECT
/*C108*/SET SCHEMA PUBLIC
CONNECT USER SA
DISCONNECT
/*C109*/SET SCHEMA PUBLIC
CONNECT USER SA
DISCONNECT
/*C110*/SET SCHEMA PUBLIC
CONNECT USER SA
DISCONNECT
/*C111*/SET SCHEMA PUBLIC
CONNECT USER SA
DISCONNECT
/*C112*/SET SCHEMA PUBLIC
CONNECT USER SA
DISCONNECT
/*C113*/SET SCHEMA PUBLIC
CONNECT USER SA
DISCONNECT
/*C114*/SET SCHEMA PUBLIC
CONNECT USER SA
DISCONNECT
/*C115*/SET SCHEMA PUBLIC
CONNECT USER SA
DISCONNECT
/*C116*/SET SCHEMA PUBLIC
CONNECT USER SA
DISCONNECT
/*C117*/SET SCHEMA PUBLIC
CONNECT USER SA
DISCONNECT
/*C118*/SET SCHEMA PUBLIC
CONNECT USER SA
DISCONNECT
/*C119*/SET SCHEMA PUBLIC
CONNECT USER SA
DISCONNECT
/*C120*/SET SCHEMA PUBLIC
CONNECT USER SA
DISCONNECT
/*C121*/SET SCHEMA PUBLIC
CONNECT USER SA
SET AUTOCOMMIT FALSE
INSERT INTO CHANGES VALUES(9,'2010-07-05 17:31:37.374000000',2,'Some Test Data','What is the Matter with this Stuff')
COMMIT
SET AUTOCOMMIT TRUE
DISCONNECT
/*C122*/SET SCHEMA PUBLIC
CONNECT USER SA
DISCONNECT
/*C123*/SET SCHEMA PUBLIC
CONNECT USER SA
DISCONNECT
/*C124*/SET SCHEMA PUBLIC
CONNECT USER SA
DISCONNECT
/*C125*/SET SCHEMA PUBLIC
CONNECT USER SA
DISCONNECT
/*C126*/SET SCHEMA PUBLIC
CONNECT USER SA
DISCONNECT
/*C127*/SET SCHEMA PUBLIC
CONNECT USER SA
SET AUTOCOMMIT FALSE
INSERT INTO CHANGES VALUES(10,'2010-07-01 00:00:00.0',3,'Some Test Data IN Here would be Good','What About Here as well')
COMMIT
SET AUTOCOMMIT TRUE
DISCONNECT
/*C128*/SET SCHEMA PUBLIC
CONNECT USER SA
DISCONNECT
/*C129*/SET SCHEMA PUBLIC
CONNECT USER SA
DISCONNECT
/*C130*/SET SCHEMA PUBLIC
CONNECT USER SA
DISCONNECT
/*C131*/SET SCHEMA PUBLIC
CONNECT USER SA
DISCONNECT
/*C132*/SET SCHEMA PUBLIC
CONNECT USER SA
DISCONNECT
/*C133*/SET SCHEMA PUBLIC
CONNECT USER SA
DISCONNECT
/*C134*/SET SCHEMA PUBLIC
CONNECT USER SA
DISCONNECT
/*C135*/SET SCHEMA PUBLIC
CONNECT USER SA
DISCONNECT
/*C136*/SET SCHEMA PUBLIC
CONNECT USER SA
DISCONNECT
/*C137*/SET SCHEMA PUBLIC
CONNECT USER SA
DISCONNECT
/*C138*/SET SCHEMA PUBLIC
CONNECT USER SA
DISCONNECT
/*C139*/SET SCHEMA PUBLIC
CONNECT USER SA
DISCONNECT
/*C140*/SET SCHEMA PUBLIC
CONNECT USER SA
DISCONNECT
/*C141*/SET SCHEMA PUBLIC
CONNECT USER SA
DISCONNECT
/*C142*/SET SCHEMA PUBLIC
CONNECT USER SA
DISCONNECT
/*C143*/SET SCHEMA PUBLIC
CONNECT USER SA
SET AUTOCOMMIT FALSE
INSERT INTO CHANGES VALUES(11,'2010-07-05 17:49:12.400000000',2,'Some Test Data that may be of use to someone','Some ')
COMMIT
SET AUTOCOMMIT TRUE
DISCONNECT
/*C144*/SET SCHEMA PUBLIC
CONNECT USER SA
DISCONNECT
/*C145*/SET SCHEMA PUBLIC
CONNECT USER SA
DISCONNECT
/*C146*/SET SCHEMA PUBLIC
CONNECT USER SA
DISCONNECT
/*C147*/SET SCHEMA PUBLIC
CONNECT USER SA
DISCONNECT
/*C148*/SET SCHEMA PUBLIC
CONNECT USER SA
DISCONNECT
/*C149*/SET SCHEMA PUBLIC
CONNECT USER SA
DISCONNECT
/*C150*/SET SCHEMA PUBLIC
CONNECT USER SA
DISCONNECT
/*C151*/SET SCHEMA PUBLIC
CONNECT USER SA
DISCONNECT
/*C152*/SET SCHEMA PUBLIC
CONNECT USER SA
DISCONNECT
/*C153*/SET SCHEMA PUBLIC
CONNECT USER SA
DISCONNECT
/*C154*/SET SCHEMA PUBLIC
CONNECT USER SA
DISCONNECT
/*C155*/SET SCHEMA PUBLIC
CONNECT USER SA
DISCONNECT
/*C156*/SET SCHEMA PUBLIC
CONNECT USER SA
DISCONNECT
/*C157*/SET SCHEMA PUBLIC
CONNECT USER SA
DISCONNECT
/*C158*/SET SCHEMA PUBLIC
CONNECT USER SA
DISCONNECT
/*C159*/SET SCHEMA PUBLIC
CONNECT USER SA
SET AUTOCOMMIT FALSE
INSERT INTO CHANGES VALUES(12,'2010-07-05 17:53:26.614000000',0,'Some Change','')
COMMIT
SET AUTOCOMMIT TRUE
DISCONNECT
/*C160*/SET SCHEMA PUBLIC
CONNECT USER SA
DISCONNECT
/*C161*/SET SCHEMA PUBLIC
CONNECT USER SA
DISCONNECT
/*C162*/SET SCHEMA PUBLIC
CONNECT USER SA
DISCONNECT
/*C163*/SET SCHEMA PUBLIC
CONNECT USER SA
DISCONNECT
/*C164*/SET SCHEMA PUBLIC
CONNECT USER SA
DISCONNECT
/*C165*/SET SCHEMA PUBLIC
CONNECT USER SA
DISCONNECT
/*C166*/SET SCHEMA PUBLIC
CONNECT USER SA
SET AUTOCOMMIT FALSE
INSERT INTO CHANGES VALUES(13,'2010-07-01 00:00:00.0',1,'Testing some sort of Components to Avail of the Best','What could this be I ask you?')
COMMIT
SET AUTOCOMMIT TRUE
DISCONNECT
/*C167*/SET SCHEMA PUBLIC
CONNECT USER SA
DISCONNECT
/*C168*/SET SCHEMA PUBLIC
CONNECT USER SA
DISCONNECT
/*C169*/SET SCHEMA PUBLIC
CONNECT USER SA
DISCONNECT
/*C170*/SET SCHEMA PUBLIC
CONNECT USER SA
SET AUTOCOMMIT FALSE
INSERT INTO CHANGES VALUES(14,'2010-07-13 00:00:00.0',0,'test','')
COMMIT
SET AUTOCOMMIT TRUE
DISCONNECT
/*C171*/SET SCHEMA PUBLIC
CONNECT USER SA
DISCONNECT
/*C172*/SET SCHEMA PUBLIC
CONNECT USER SA
DISCONNECT
/*C173*/SET SCHEMA PUBLIC
CONNECT USER SA
SET AUTOCOMMIT FALSE
INSERT INTO CHANGES VALUES(15,'2010-07-05 19:20:56.424000000',0,'test','Boat')
COMMIT
SET AUTOCOMMIT TRUE
DISCONNECT
/*C174*/SET SCHEMA PUBLIC
CONNECT USER SA
DISCONNECT
/*C175*/SET SCHEMA PUBLIC
CONNECT USER SA
DISCONNECT
/*C176*/SET SCHEMA PUBLIC
CONNECT USER SA
DISCONNECT
/*C177*/SET SCHEMA PUBLIC
CONNECT USER SA
SET AUTOCOMMIT FALSE
INSERT INTO CHANGES VALUES(16,'2010-07-13 00:00:00.0',3,'ttttt','Fggtgg')
COMMIT
SET AUTOCOMMIT TRUE
DISCONNECT
/*C178*/SET SCHEMA PUBLIC
CONNECT USER SA
DISCONNECT
/*C179*/SET SCHEMA PUBLIC
CONNECT USER SA
DISCONNECT
/*C180*/SET SCHEMA PUBLIC
CONNECT USER SA
DISCONNECT
/*C181*/SET SCHEMA PUBLIC
CONNECT USER SA
DISCONNECT
/*C182*/SET SCHEMA PUBLIC
CONNECT USER SA
DISCONNECT
/*C183*/SET SCHEMA PUBLIC
CONNECT USER SA
DISCONNECT
/*C184*/SET SCHEMA PUBLIC
CONNECT USER SA
DISCONNECT
/*C185*/SET SCHEMA PUBLIC
CONNECT USER SA
DISCONNECT
/*C186*/SET SCHEMA PUBLIC
CONNECT USER SA
SET AUTOCOMMIT FALSE
INSERT INTO CHANGES VALUES(17,'2010-07-07 00:00:00.0',2,'Some Change','Testing the Change')
COMMIT
SET AUTOCOMMIT TRUE
DISCONNECT
/*C187*/SET SCHEMA PUBLIC
CONNECT USER SA
DISCONNECT
/*C188*/SET SCHEMA PUBLIC
CONNECT USER SA
DISCONNECT
/*C189*/SET SCHEMA PUBLIC
CONNECT USER SA
DISCONNECT
/*C190*/SET SCHEMA PUBLIC
CONNECT USER SA
DISCONNECT
/*C191*/SET SCHEMA PUBLIC
CONNECT USER SA
DISCONNECT
/*C192*/SET SCHEMA PUBLIC
CONNECT USER SA
DISCONNECT
/*C193*/SET SCHEMA PUBLIC
CONNECT USER SA
DISCONNECT
/*C194*/SET SCHEMA PUBLIC
CONNECT USER SA
DISCONNECT
/*C195*/SET SCHEMA PUBLIC
CONNECT USER SA
DISCONNECT
/*C196*/SET SCHEMA PUBLIC
CONNECT USER SA
DISCONNECT
/*C197*/SET SCHEMA PUBLIC
CONNECT USER SA
DISCONNECT
/*C198*/SET SCHEMA PUBLIC
CONNECT USER SA
DISCONNECT
/*C199*/SET SCHEMA PUBLIC
CONNECT USER SA
SET AUTOCOMMIT FALSE
INSERT INTO CHANGES VALUES(18,'2010-07-10 00:00:00.0',1,'fgdgfd','')
COMMIT
SET AUTOCOMMIT TRUE
DISCONNECT
/*C200*/SET SCHEMA PUBLIC
CONNECT USER SA
DISCONNECT
/*C201*/SET SCHEMA PUBLIC
CONNECT USER SA
DISCONNECT
/*C202*/SET SCHEMA PUBLIC
CONNECT USER SA
DISCONNECT
/*C203*/SET SCHEMA PUBLIC
CONNECT USER SA
DISCONNECT
/*C204*/SET SCHEMA PUBLIC
CONNECT USER SA
DISCONNECT
/*C205*/SET SCHEMA PUBLIC
CONNECT USER SA
DISCONNECT
/*C206*/SET SCHEMA PUBLIC
CONNECT USER SA
DISCONNECT
/*C207*/SET SCHEMA PUBLIC
CONNECT USER SA
DISCONNECT
/*C208*/SET SCHEMA PUBLIC
CONNECT USER SA
DISCONNECT
/*C209*/SET SCHEMA PUBLIC
CONNECT USER SA
DISCONNECT
/*C210*/SET SCHEMA PUBLIC
CONNECT USER SA
DISCONNECT
/*C211*/SET SCHEMA PUBLIC
CONNECT USER SA
DISCONNECT
/*C212*/SET SCHEMA PUBLIC
CONNECT USER SA
DISCONNECT
/*C213*/SET SCHEMA PUBLIC
CONNECT USER SA
DISCONNECT
/*C214*/SET SCHEMA PUBLIC
CONNECT USER SA
DISCONNECT
/*C215*/SET SCHEMA PUBLIC
CONNECT USER SA
SET AUTOCOMMIT FALSE
INSERT INTO CHANGES VALUES(19,'2010-07-09 00:00:00.0',1,'Some stuffq','')
COMMIT
SET AUTOCOMMIT TRUE
DISCONNECT
/*C216*/SET SCHEMA PUBLIC
CONNECT USER SA
DISCONNECT
/*C217*/SET SCHEMA PUBLIC
CONNECT USER SA
DISCONNECT
/*C218*/SET SCHEMA PUBLIC
CONNECT USER SA
DISCONNECT
