2010-06-26 19:11:27.877 GMT Thread[main,5,main] Cleanup action starting
java.sql.SQLException: Database 'TestDB' not found.
	at org.apache.derby.impl.jdbc.SQLExceptionFactory40.getSQLException(Unknown Source)
	at org.apache.derby.impl.jdbc.Util.newEmbedSQLException(Unknown Source)
	at org.apache.derby.impl.jdbc.Util.newEmbedSQLException(Unknown Source)
	at org.apache.derby.impl.jdbc.Util.generateCsSQLException(Unknown Source)
	at org.apache.derby.impl.jdbc.EmbedConnection.newSQLException(Unknown Source)
	at org.apache.derby.impl.jdbc.EmbedConnection.handleDBNotFound(Unknown Source)
	at org.apache.derby.impl.jdbc.EmbedConnection.<init>(Unknown Source)
	at org.apache.derby.impl.jdbc.EmbedConnection30.<init>(Unknown Source)
	at org.apache.derby.impl.jdbc.EmbedConnection40.<init>(Unknown Source)
	at org.apache.derby.jdbc.Driver40.getNewEmbedConnection(Unknown Source)
	at org.apache.derby.jdbc.InternalDriver.connect(Unknown Source)
	at org.apache.derby.jdbc.AutoloadedDriver.connect(Unknown Source)
	at java.sql.DriverManager.getConnection(DriverManager.java:582)
	at java.sql.DriverManager.getConnection(DriverManager.java:154)
	at org.apache.derby.impl.tools.ij.ij.dynamicConnection(Unknown Source)
	at org.apache.derby.impl.tools.ij.ij.ConnectStatement(Unknown Source)
	at org.apache.derby.impl.tools.ij.ij.ijStatement(Unknown Source)
	at org.apache.derby.impl.tools.ij.utilMain.runScriptGuts(Unknown Source)
	at org.apache.derby.impl.tools.ij.utilMain.go(Unknown Source)
	at org.apache.derby.impl.tools.ij.Main.go(Unknown Source)
	at org.apache.derby.impl.tools.ij.Main.mainCore(Unknown Source)
	at org.apache.derby.impl.tools.ij.Main.main(Unknown Source)
	at org.apache.derby.tools.ij.main(Unknown Source)
Caused by: java.sql.SQLException: Database 'TestDB' not found.
	at org.apache.derby.impl.jdbc.SQLExceptionFactory.getSQLException(Unknown Source)
	at org.apache.derby.impl.jdbc.SQLExceptionFactory40.wrapArgsForTransportAcrossDRDA(Unknown Source)
	... 23 more
============= begin nested exception, level (1) ===========
java.sql.SQLException: Database 'TestDB' not found.
	at org.apache.derby.impl.jdbc.SQLExceptionFactory.getSQLException(Unknown Source)
	at org.apache.derby.impl.jdbc.SQLExceptionFactory40.wrapArgsForTransportAcrossDRDA(Unknown Source)
	at org.apache.derby.impl.jdbc.SQLExceptionFactory40.getSQLException(Unknown Source)
	at org.apache.derby.impl.jdbc.Util.newEmbedSQLException(Unknown Source)
	at org.apache.derby.impl.jdbc.Util.newEmbedSQLException(Unknown Source)
	at org.apache.derby.impl.jdbc.Util.generateCsSQLException(Unknown Source)
	at org.apache.derby.impl.jdbc.EmbedConnection.newSQLException(Unknown Source)
	at org.apache.derby.impl.jdbc.EmbedConnection.handleDBNotFound(Unknown Source)
	at org.apache.derby.impl.jdbc.EmbedConnection.<init>(Unknown Source)
	at org.apache.derby.impl.jdbc.EmbedConnection30.<init>(Unknown Source)
	at org.apache.derby.impl.jdbc.EmbedConnection40.<init>(Unknown Source)
	at org.apache.derby.jdbc.Driver40.getNewEmbedConnection(Unknown Source)
	at org.apache.derby.jdbc.InternalDriver.connect(Unknown Source)
	at org.apache.derby.jdbc.AutoloadedDriver.connect(Unknown Source)
	at java.sql.DriverManager.getConnection(DriverManager.java:582)
	at java.sql.DriverManager.getConnection(DriverManager.java:154)
	at org.apache.derby.impl.tools.ij.ij.dynamicConnection(Unknown Source)
	at org.apache.derby.impl.tools.ij.ij.ConnectStatement(Unknown Source)
	at org.apache.derby.impl.tools.ij.ij.ijStatement(Unknown Source)
	at org.apache.derby.impl.tools.ij.utilMain.runScriptGuts(Unknown Source)
	at org.apache.derby.impl.tools.ij.utilMain.go(Unknown Source)
	at org.apache.derby.impl.tools.ij.Main.go(Unknown Source)
	at org.apache.derby.impl.tools.ij.Main.mainCore(Unknown Source)
	at org.apache.derby.impl.tools.ij.Main.main(Unknown Source)
	at org.apache.derby.tools.ij.main(Unknown Source)
============= end nested exception, level (1) ===========
Cleanup action completed
----------------------------------------------------------------
2010-06-26 19:12:51.884 GMT:
 Booting Derby version The Apache Software Foundation - Apache Derby - 10.5.3.0 - (802917): instance a816c00e-0129-75ab-e816-000000c225b0
on database directory /home/jennifer/Desktop/projects/ISEChanges/database/TestDB  

Database Class Loader started - derby.database.classpath=''

2010-06-26 23:19:31.545 GMT:
Shutting down instance a816c00e-0129-75ab-e816-000000c225b0
----------------------------------------------------------------
