2010-07-04 19:56:12.049::INFO:  Logging to STDERR via org.mortbay.log.StdErrLog
clojure.proxy.javax.servlet.http.HttpServlet
2010-07-04 19:56:12.129::INFO:  jetty-6.1.14
2010-07-04 19:56:17.961::INFO:  Started SocketConnector@0.0.0.0:80
./bin/start.sh: line 9:  4596 Killed                  ../jdk1.6.0_20/bin/java -cp .:lib/commons-io-1.4.jar:lib/commons-fileupload-1.2.1.jar:lib/commons-codec-1.3.jar:lib/jline-0.9.94.jar:lib/clojure.jar:lib/clojure-contrib.jar:lib/ant.jar:lib/ant-launcher.jar:lib/compojure.jar:lib/hsqldb.jar:lib/jetty-6.1.14.jar:lib/jetty-util-6.1.14.jar:lib/servlet-api-2.5-6.1.14.jar:src clojure.main src/com/web/html/start.clj
2010-07-05 11:29:04.517::INFO:  Logging to STDERR via org.mortbay.log.StdErrLog
clojure.proxy.javax.servlet.http.HttpServlet
2010-07-05 11:29:04.572::INFO:  jetty-6.1.14
2010-07-05 11:29:08.128::INFO:  Started SocketConnector@0.0.0.0:80
2010-07-05 11:29:56.095::INFO:  jetty-6.1.14
2010-07-05 11:29:56.099::WARN:  failed SocketConnector@0.0.0.0:80
java.net.BindException: Address already in use
	at java.net.PlainSocketImpl.socketBind(Native Method)
	at java.net.PlainSocketImpl.bind(PlainSocketImpl.java:365)
	at java.net.ServerSocket.bind(ServerSocket.java:319)
	at java.net.ServerSocket.<init>(ServerSocket.java:185)
	at java.net.ServerSocket.<init>(ServerSocket.java:141)
	at org.mortbay.jetty.bio.SocketConnector.newServerSocket(SocketConnector.java:80)
	at org.mortbay.jetty.bio.SocketConnector.open(SocketConnector.java:73)
	at org.mortbay.jetty.AbstractConnector.doStart(AbstractConnector.java:283)
	at org.mortbay.jetty.bio.SocketConnector.doStart(SocketConnector.java:147)
	at org.mortbay.component.AbstractLifeCycle.start(AbstractLifeCycle.java:50)
	at org.mortbay.jetty.Server.doStart(Server.java:233)
	at org.mortbay.component.AbstractLifeCycle.start(AbstractLifeCycle.java:50)
	at sun.reflect.NativeMethodAccessorImpl.invoke0(Native Method)
	at sun.reflect.NativeMethodAccessorImpl.invoke(NativeMethodAccessorImpl.java:39)
	at sun.reflect.DelegatingMethodAccessorImpl.invoke(DelegatingMethodAccessorImpl.java:25)
	at java.lang.reflect.Method.invoke(Method.java:597)
	at clojure.lang.Reflector.invokeMatchingMethod(Reflector.java:90)
	at clojure.lang.Reflector.invokeNoArgInstanceMember(Reflector.java:265)
	at compojure.server.jetty$run_server__1178.doInvoke(jetty.clj:101)
	at clojure.lang.RestFn.invoke(RestFn.java:441)
	at com.web.html.start$start_server__417.invoke(start.clj:99)
	at com.web.html.start$eval__424.invoke(start.clj:100)
	at clojure.lang.Compiler.eval(Compiler.java:4601)
	at clojure.lang.Compiler.load(Compiler.java:4931)
	at clojure.lang.RT.loadResourceScript(RT.java:329)
	at clojure.lang.RT.loadResourceScript(RT.java:320)
	at clojure.lang.RT.load(RT.java:398)
	at clojure.lang.RT.load(RT.java:370)
	at clojure.core$load__5723$fn__5726.invoke(core.clj:3746)
	at clojure.core$load__5723.doInvoke(core.clj:3745)
	at clojure.lang.RestFn.invoke(RestFn.java:413)
	at clojure.core$load_one__5675.invoke(core.clj:3589)
	at clojure.core$load_lib__5696.doInvoke(core.clj:3626)
	at clojure.lang.RestFn.applyTo(RestFn.java:147)
	at clojure.core$apply__3887.doInvoke(core.clj:390)
	at clojure.lang.RestFn.invoke(RestFn.java:443)
	at clojure.core$load_libs__5708.doInvoke(core.clj:3652)
	at clojure.lang.RestFn.applyTo(RestFn.java:142)
	at clojure.core$apply__3887.doInvoke(core.clj:390)
	at clojure.lang.RestFn.invoke(RestFn.java:460)
	at clojure.core$use__5717.doInvoke(core.clj:3723)
	at clojure.lang.RestFn.invoke(RestFn.java:426)
	at clojure.core$eval__296.invoke(NO_SOURCE_FILE:1)
	at clojure.lang.Compiler.eval(Compiler.java:4601)
	at clojure.core$eval__4637.invoke(core.clj:1730)
	at clojure.main$repl__6507$read_eval_print__6519.invoke(main.clj:178)
	at clojure.main$repl__6507.doInvoke(main.clj:195)
	at clojure.lang.RestFn.invoke(RestFn.java:402)
	at com.repl$socket_repl__164.invoke(repl.clj:27)
	at com.repl$start_repl_server__167$fn__169.invoke(repl.clj:34)
	at clojure.lang.AFn.run(AFn.java:37)
	at java.lang.Thread.run(Thread.java:619)
2010-07-05 11:29:56.100::WARN:  failed Server@d67067
java.net.BindException: Address already in use
	at java.net.PlainSocketImpl.socketBind(Native Method)
	at java.net.PlainSocketImpl.bind(PlainSocketImpl.java:365)
	at java.net.ServerSocket.bind(ServerSocket.java:319)
	at java.net.ServerSocket.<init>(ServerSocket.java:185)
	at java.net.ServerSocket.<init>(ServerSocket.java:141)
	at org.mortbay.jetty.bio.SocketConnector.newServerSocket(SocketConnector.java:80)
	at org.mortbay.jetty.bio.SocketConnector.open(SocketConnector.java:73)
	at org.mortbay.jetty.AbstractConnector.doStart(AbstractConnector.java:283)
	at org.mortbay.jetty.bio.SocketConnector.doStart(SocketConnector.java:147)
	at org.mortbay.component.AbstractLifeCycle.start(AbstractLifeCycle.java:50)
	at org.mortbay.jetty.Server.doStart(Server.java:233)
	at org.mortbay.component.AbstractLifeCycle.start(AbstractLifeCycle.java:50)
	at sun.reflect.NativeMethodAccessorImpl.invoke0(Native Method)
	at sun.reflect.NativeMethodAccessorImpl.invoke(NativeMethodAccessorImpl.java:39)
	at sun.reflect.DelegatingMethodAccessorImpl.invoke(DelegatingMethodAccessorImpl.java:25)
	at java.lang.reflect.Method.invoke(Method.java:597)
	at clojure.lang.Reflector.invokeMatchingMethod(Reflector.java:90)
	at clojure.lang.Reflector.invokeNoArgInstanceMember(Reflector.java:265)
	at compojure.server.jetty$run_server__1178.doInvoke(jetty.clj:101)
	at clojure.lang.RestFn.invoke(RestFn.java:441)
	at com.web.html.start$start_server__417.invoke(start.clj:99)
	at com.web.html.start$eval__424.invoke(start.clj:100)
	at clojure.lang.Compiler.eval(Compiler.java:4601)
	at clojure.lang.Compiler.load(Compiler.java:4931)
	at clojure.lang.RT.loadResourceScript(RT.java:329)
	at clojure.lang.RT.loadResourceScript(RT.java:320)
	at clojure.lang.RT.load(RT.java:398)
	at clojure.lang.RT.load(RT.java:370)
	at clojure.core$load__5723$fn__5726.invoke(core.clj:3746)
	at clojure.core$load__5723.doInvoke(core.clj:3745)
	at clojure.lang.RestFn.invoke(RestFn.java:413)
	at clojure.core$load_one__5675.invoke(core.clj:3589)
	at clojure.core$load_lib__5696.doInvoke(core.clj:3626)
	at clojure.lang.RestFn.applyTo(RestFn.java:147)
	at clojure.core$apply__3887.doInvoke(core.clj:390)
	at clojure.lang.RestFn.invoke(RestFn.java:443)
	at clojure.core$load_libs__5708.doInvoke(core.clj:3652)
	at clojure.lang.RestFn.applyTo(RestFn.java:142)
	at clojure.core$apply__3887.doInvoke(core.clj:390)
	at clojure.lang.RestFn.invoke(RestFn.java:460)
	at clojure.core$use__5717.doInvoke(core.clj:3723)
	at clojure.lang.RestFn.invoke(RestFn.java:426)
	at clojure.core$eval__296.invoke(NO_SOURCE_FILE:1)
	at clojure.lang.Compiler.eval(Compiler.java:4601)
	at clojure.core$eval__4637.invoke(core.clj:1730)
	at clojure.main$repl__6507$read_eval_print__6519.invoke(main.clj:178)
	at clojure.main$repl__6507.doInvoke(main.clj:195)
	at clojure.lang.RestFn.invoke(RestFn.java:402)
	at com.repl$socket_repl__164.invoke(repl.clj:27)
	at com.repl$start_repl_server__167$fn__169.invoke(repl.clj:34)
	at clojure.lang.AFn.run(AFn.java:37)
	at java.lang.Thread.run(Thread.java:619)
./bin/start.sh: line 13: 18838 Killed                  ../jdk1.6.0_20/bin/java -cp .:lib/commons-io-1.4.jar:lib/commons-fileupload-1.2.1.jar:lib/commons-codec-1.3.jar:lib/jline-0.9.94.jar:lib/clojure.jar:lib/clojure-contrib.jar:lib/ant.jar:lib/ant-launcher.jar:lib/compojure.jar:lib/hsqldb.jar:lib/jetty-6.1.14.jar:lib/jetty-util-6.1.14.jar:lib/servlet-api-2.5-6.1.14.jar:src clojure.main src/com/web/html/start.clj
2010-07-05 11:35:17.026::INFO:  Logging to STDERR via org.mortbay.log.StdErrLog
clojure.proxy.javax.servlet.http.HttpServlet
2010-07-05 11:35:17.121::INFO:  jetty-6.1.14
2010-07-05 11:35:17.212::INFO:  Started SocketConnector@0.0.0.0:80
./bin/start.sh: line 13: 18889 Killed                  ../jdk1.6.0_20/bin/java -cp .:lib/commons-io-1.4.jar:lib/commons-fileupload-1.2.1.jar:lib/commons-codec-1.3.jar:lib/jline-0.9.94.jar:lib/clojure.jar:lib/clojure-contrib.jar:lib/ant.jar:lib/ant-launcher.jar:lib/compojure.jar:lib/hsqldb.jar:lib/jetty-6.1.14.jar:lib/jetty-util-6.1.14.jar:lib/servlet-api-2.5-6.1.14.jar:src clojure.main src/com/web/html/start.clj
2010-07-05 11:40:58.840::INFO:  Logging to STDERR via org.mortbay.log.StdErrLog
clojure.proxy.javax.servlet.http.HttpServlet
2010-07-05 11:40:58.929::INFO:  jetty-6.1.14
2010-07-05 11:40:59.035::INFO:  Started SocketConnector@0.0.0.0:80
SQLException:
 Message: Wrong data type: Timestamp format must be yyyy-mm-dd hh:mm:ss[.fffffffff]
 SQLState: 37000
 Error Code: -16
2010-07-05 16:24:35.785::WARN:  /saveChange
java.lang.Exception: transaction rolled back: Wrong data type: Timestamp format must be yyyy-mm-dd hh:mm:ss[.fffffffff]
	at clojure.contrib.sql.internal$throw_rollback__7140.invoke(internal.clj:135)
	at clojure.contrib.sql.internal$transaction_STAR___7143.invoke(internal.clj:160)
	at com.db.setup$insert_change__925$fn__928.invoke(setup.clj:126)
	at clojure.contrib.sql.internal$with_connection_STAR___7126.invoke(internal.clj:98)
	at com.db.setup$insert_change__925.invoke(setup.clj:125)
	at com.web.html.start$save_change__1357.invoke(start.clj:64)
	at com.web.html.start$fn__1374$fn__1380.invoke(start.clj:86)
	at compojure.http.routes$routes_STAR___1038$fn__1040$fn__1042.invoke(routes.clj:200)
	at clojure.core$some__4457.invoke(core.clj:1487)
	at compojure.http.routes$routes_STAR___1038$fn__1040.invoke(routes.clj:200)
	at compojure.http.request$with_params__736$fn__738.invoke(request.clj:91)
	at compojure.http.request$with_cookies__749$fn__751.invoke(request.clj:108)
	at compojure.http.servlet$request_handler__1101.invoke(servlet.clj:108)
	at com.web.html.start$start_server__263$fn__265.invoke(start.clj:98)
	at clojure.proxy.javax.servlet.http.HttpServlet.service(Unknown Source)
	at org.mortbay.jetty.servlet.ServletHolder.handle(ServletHolder.java:502)
	at org.mortbay.jetty.servlet.ServletHandler.handle(ServletHandler.java:363)
	at org.mortbay.jetty.servlet.SessionHandler.handle(SessionHandler.java:181)
	at org.mortbay.jetty.handler.ContextHandler.handle(ContextHandler.java:766)
	at org.mortbay.jetty.handler.HandlerWrapper.handle(HandlerWrapper.java:152)
	at org.mortbay.jetty.Server.handle(Server.java:324)
	at org.mortbay.jetty.HttpConnection.handleRequest(HttpConnection.java:534)
	at org.mortbay.jetty.HttpConnection$RequestHandler.content(HttpConnection.java:879)
	at org.mortbay.jetty.HttpParser.parseNext(HttpParser.java:741)
	at org.mortbay.jetty.HttpParser.parseAvailable(HttpParser.java:213)
	at org.mortbay.jetty.HttpConnection.handle(HttpConnection.java:403)
	at org.mortbay.jetty.bio.SocketConnector$Connection.run(SocketConnector.java:228)
	at org.mortbay.thread.QueuedThreadPool$PoolThread.run(QueuedThreadPool.java:522)
Caused by: java.sql.SQLException: Wrong data type: Timestamp format must be yyyy-mm-dd hh:mm:ss[.fffffffff]
	at org.hsqldb.jdbc.Util.throwError(Unknown Source)
	at org.hsqldb.jdbc.jdbcPreparedStatement.setParameter(Unknown Source)
	at org.hsqldb.jdbc.jdbcPreparedStatement.setObject(Unknown Source)
	at sun.reflect.GeneratedMethodAccessor14.invoke(Unknown Source)
	at sun.reflect.DelegatingMethodAccessorImpl.invoke(DelegatingMethodAccessorImpl.java:25)
	at java.lang.reflect.Method.invoke(Method.java:597)
	at clojure.lang.Reflector.invokeMatchingMethod(Reflector.java:90)
	at clojure.lang.Reflector.invokeInstanceMethod(Reflector.java:28)
	at clojure.contrib.sql$do_prepared__7172.doInvoke(sql.clj:96)
	at clojure.lang.RestFn.applyTo(RestFn.java:144)
	at clojure.core$apply__3887.doInvoke(core.clj:390)
	at clojure.lang.RestFn.invoke(RestFn.java:443)
	at clojure.contrib.sql$insert_values__7187.doInvoke(sql.clj:139)
	at clojure.lang.RestFn.invoke(RestFn.java:445)
	at com.db.setup$insert_change__925$fn__928$fn__930.invoke(setup.clj:127)
	at clojure.contrib.sql.internal$transaction_STAR___7143.invoke(internal.clj:153)
	... 26 more
